28.11.22 17:03:55 [info] Running GFO version 1.0.0 - a software by Bartscherer Software <info@bartscherer.io>
28.11.22 17:03:55 [info] Executing prestart actions now...
28.11.22 17:03:55 [info] The font cache directory "/tmp/fonts" already exists. Removing it now...
28.11.22 17:03:55 [info] Creating font cache directory "/tmp/fonts"...
28.11.22 17:03:55 [info] Font cache directory "/tmp/fonts" created!
28.11.22 17:03:55 [info] Write test to path "/tmp/fonts/.test" succeeded
28.11.22 17:03:55 [info] IPC directory "/tmp/fonts/.ipc" does not exist. Creating it now...
28.11.22 17:03:55 [info] Done
28.11.22 17:03:55 [info] Getting my worker role...
28.11.22 17:03:55 [info] Getting my worker role...
28.11.22 17:03:55 [info] Getting my worker role...
28.11.22 17:03:55 [info] Getting my worker role...
28.11.22 17:03:56 [info] This worker is a follower
28.11.22 17:03:56 [info] This worker is a follower
28.11.22 17:03:56 [info] This worker is the LEADER
28.11.22 17:03:56 [info] Started the service manager
28.11.22 17:03:56 [info] This worker is a follower
28.11.22 19:33:23 [info] Running GFO version 1.0.0 - a software by Bartscherer Software <info@bartscherer.io>
28.11.22 19:33:23 [info] Executing prestart actions now...
28.11.22 19:33:23 [info] The font cache directory "/tmp/fonts" already exists. Removing it now...
28.11.22 19:33:23 [info] Creating font cache directory "/tmp/fonts"...
28.11.22 19:33:23 [info] Font cache directory "/tmp/fonts" created!
28.11.22 19:33:23 [info] Write test to path "/tmp/fonts/.test" succeeded
28.11.22 19:33:23 [info] IPC directory "/tmp/fonts/.ipc" does not exist. Creating it now...
28.11.22 19:33:23 [info] Done
28.11.22 19:33:23 [info] Getting my worker role...
28.11.22 19:33:23 [info] Getting my worker role...
28.11.22 19:33:24 [info] Getting my worker role...
28.11.22 19:33:24 [info] Getting my worker role...
28.11.22 19:33:24 [info] This worker is a follower
28.11.22 19:33:24 [info] This worker is a follower
28.11.22 19:33:24 [info] This worker is the LEADER
28.11.22 19:33:24 [info] Started the service manager
28.11.22 19:33:24 [info] This worker is a follower
28.11.22 19:46:16 [info] Running GFO version 1.0.0 - a software by Bartscherer Software <info@bartscherer.io>
28.11.22 19:46:16 [info] Executing prestart actions now...
28.11.22 19:46:16 [info] The font cache directory "/tmp/fonts" already exists. Removing it now...
28.11.22 19:46:16 [info] Creating font cache directory "/tmp/fonts"...
28.11.22 19:46:16 [info] Font cache directory "/tmp/fonts" created!
28.11.22 19:46:16 [info] Write test to path "/tmp/fonts/.test" succeeded
28.11.22 19:46:16 [info] IPC directory "/tmp/fonts/.ipc" does not exist. Creating it now...
28.11.22 19:46:16 [info] Done
28.11.22 19:46:17 [info] Getting my worker role...
28.11.22 19:46:17 [info] Getting my worker role...
28.11.22 19:46:17 [info] Getting my worker role...
28.11.22 19:46:17 [info] Getting my worker role...
28.11.22 19:46:17 [info] This worker is the LEADER
28.11.22 19:46:17 [info] Started the service manager
28.11.22 19:46:17 [info] This worker is a follower
28.11.22 19:46:18 [info] This worker is a follower
28.11.22 19:46:18 [info] This worker is a follower
28.11.22 19:47:37 [info] Running GFO version 1.0.0 - a software by Bartscherer Software <info@bartscherer.io>
28.11.22 19:47:37 [info] Executing prestart actions now...
28.11.22 19:47:37 [info] The font cache directory "/tmp/fonts" already exists. Removing it now...
28.11.22 19:47:37 [info] Creating font cache directory "/tmp/fonts"...
28.11.22 19:47:37 [info] Font cache directory "/tmp/fonts" created!
28.11.22 19:47:37 [info] Write test to path "/tmp/fonts/.test" succeeded
28.11.22 19:47:37 [info] IPC directory "/tmp/fonts/.ipc" does not exist. Creating it now...
28.11.22 19:47:37 [info] Done
28.11.22 19:47:38 [info] Getting my worker role...
28.11.22 19:47:38 [info] Getting my worker role...
28.11.22 19:47:38 [info] Getting my worker role...
28.11.22 19:47:38 [info] Getting my worker role...
28.11.22 19:47:38 [info] This worker is the LEADER
28.11.22 19:47:38 [info] Started the service manager
28.11.22 19:47:38 [info] This worker is a follower
28.11.22 19:47:39 [info] This worker is a follower
28.11.22 19:47:39 [info] This worker is a follower
28.11.22 19:50:42 [info] Running GFO version 1.0.0 - a software by Bartscherer Software <info@bartscherer.io>
28.11.22 19:50:42 [info] Executing prestart actions now...
28.11.22 19:50:42 [info] The font cache directory "/tmp/fonts" already exists. Removing it now...
28.11.22 19:50:42 [info] Creating font cache directory "/tmp/fonts"...
28.11.22 19:50:42 [info] Font cache directory "/tmp/fonts" created!
28.11.22 19:50:42 [info] Write test to path "/tmp/fonts/.test" succeeded
28.11.22 19:50:42 [info] IPC directory "/tmp/fonts/.ipc" does not exist. Creating it now...
28.11.22 19:50:42 [info] Done
28.11.22 19:50:43 [info] Getting my worker role...
28.11.22 19:50:43 [info] Getting my worker role...
28.11.22 19:50:43 [info] Getting my worker role...
28.11.22 19:50:43 [info] Getting my worker role...
28.11.22 19:50:43 [info] This worker is a follower
28.11.22 19:50:43 [info] This worker is a follower
28.11.22 19:50:43 [info] This worker is the LEADER
28.11.22 19:50:43 [info] Started the service manager
28.11.22 19:50:43 [info] This worker is a follower
28.11.22 19:51:14 [info] Running GFO version 1.0.0 - a software by Bartscherer Software <info@bartscherer.io>
28.11.22 19:51:14 [info] Executing prestart actions now...
28.11.22 19:51:14 [info] The font cache directory "/tmp/fonts" already exists. Removing it now...
28.11.22 19:51:14 [info] Creating font cache directory "/tmp/fonts"...
28.11.22 19:51:14 [info] Font cache directory "/tmp/fonts" created!
28.11.22 19:51:14 [info] Write test to path "/tmp/fonts/.test" succeeded
28.11.22 19:51:14 [info] IPC directory "/tmp/fonts/.ipc" does not exist. Creating it now...
28.11.22 19:51:14 [info] Done
28.11.22 19:51:14 [info] Getting my worker role...
28.11.22 19:51:14 [info] Getting my worker role...
28.11.22 19:51:15 [info] Getting my worker role...
28.11.22 19:51:15 [info] Getting my worker role...
28.11.22 19:51:15 [info] This worker is a follower
28.11.22 19:51:15 [info] This worker is a follower
28.11.22 19:51:15 [info] This worker is a follower
28.11.22 19:51:15 [info] This worker is the LEADER
28.11.22 19:51:15 [info] Started the service manager
28.11.22 19:54:03 [info] Running GFO version 1.0.0 - a software by Bartscherer Software <info@bartscherer.io>
28.11.22 19:54:03 [info] Executing prestart actions now...
28.11.22 19:54:03 [info] The font cache directory "/tmp/fonts" already exists. Removing it now...
28.11.22 19:54:03 [info] Creating font cache directory "/tmp/fonts"...
28.11.22 19:54:03 [info] Font cache directory "/tmp/fonts" created!
28.11.22 19:54:03 [info] Write test to path "/tmp/fonts/.test" succeeded
28.11.22 19:54:03 [info] IPC directory "/tmp/fonts/.ipc" does not exist. Creating it now...
28.11.22 19:54:03 [info] Done
28.11.22 19:54:03 [info] Getting my worker role...
28.11.22 19:54:03 [info] Getting my worker role...
28.11.22 19:54:03 [info] Getting my worker role...
28.11.22 19:54:03 [info] Getting my worker role...
28.11.22 19:54:04 [info] This worker is a follower
28.11.22 19:54:04 [info] This worker is the LEADER
28.11.22 19:54:04 [info] Started the service manager
28.11.22 19:54:04 [info] This worker is a follower
28.11.22 19:54:04 [info] This worker is a follower
28.11.22 19:55:19 [info] Running GFO version 1.0.0 - a software by Bartscherer Software <info@bartscherer.io>
28.11.22 19:55:19 [info] Executing prestart actions now...
28.11.22 19:55:19 [info] The font cache directory "/tmp/fonts" already exists. Removing it now...
28.11.22 19:55:19 [info] Creating font cache directory "/tmp/fonts"...
28.11.22 19:55:19 [info] Font cache directory "/tmp/fonts" created!
28.11.22 19:55:19 [info] Write test to path "/tmp/fonts/.test" succeeded
28.11.22 19:55:19 [info] IPC directory "/tmp/fonts/.ipc" does not exist. Creating it now...
28.11.22 19:55:19 [info] Done
28.11.22 19:55:19 [info] Getting my worker role...
28.11.22 19:55:19 [info] Getting my worker role...
28.11.22 19:55:19 [info] Getting my worker role...
28.11.22 19:55:19 [info] Getting my worker role...
28.11.22 19:55:19 [info] This worker is a follower
28.11.22 19:55:19 [info] This worker is a follower
28.11.22 19:55:20 [info] This worker is the LEADER
28.11.22 19:55:20 [info] Started the service manager
28.11.22 19:55:20 [info] This worker is a follower
28.11.22 19:57:51 [info] Running GFO version 1.0.0 - a software by Bartscherer Software <info@bartscherer.io>
28.11.22 19:57:51 [info] Executing prestart actions now...
28.11.22 19:57:51 [info] The font cache directory "/tmp/fonts" already exists. Removing it now...
28.11.22 19:57:51 [info] Creating font cache directory "/tmp/fonts"...
28.11.22 19:57:51 [info] Font cache directory "/tmp/fonts" created!
28.11.22 19:57:51 [info] Write test to path "/tmp/fonts/.test" succeeded
28.11.22 19:57:51 [info] IPC directory "/tmp/fonts/.ipc" does not exist. Creating it now...
28.11.22 19:57:51 [info] Done
28.11.22 19:57:51 [info] Getting my worker role...
28.11.22 19:57:51 [info] Getting my worker role...
28.11.22 19:57:51 [info] Getting my worker role...
28.11.22 19:57:51 [info] Getting my worker role...
28.11.22 19:57:51 [info] This worker is the LEADER
28.11.22 19:57:51 [info] Started the service manager
28.11.22 19:57:51 [info] This worker is a follower
28.11.22 19:57:52 [info] This worker is a follower
28.11.22 19:57:52 [info] This worker is a follower
28.11.22 21:10:01 [info] Running GFO version 1.0.0 - a software by Bartscherer Software <info@bartscherer.io>
28.11.22 21:10:01 [info] Executing prestart actions now...
28.11.22 21:10:01 [info] The font cache directory "/tmp/fonts" already exists. Removing it now...
28.11.22 21:10:01 [info] Creating font cache directory "/tmp/fonts"...
28.11.22 21:10:01 [info] Font cache directory "/tmp/fonts" created!
28.11.22 21:10:01 [info] Write test to path "/tmp/fonts/.test" succeeded
28.11.22 21:10:01 [info] IPC directory "/tmp/fonts/.ipc" does not exist. Creating it now...
28.11.22 21:10:01 [info] Done
28.11.22 21:10:01 [info] Getting my worker role...
28.11.22 21:10:01 [info] Getting my worker role...
28.11.22 21:10:01 [info] Getting my worker role...
28.11.22 21:10:01 [info] Getting my worker role...
28.11.22 21:10:01 [info] This worker is a follower
28.11.22 21:10:02 [info] This worker is the LEADER
28.11.22 21:10:02 [info] Started the service manager
28.11.22 21:10:02 [info] This worker is a follower
28.11.22 21:10:02 [info] This worker is a follower
